<?xml version="1.0" encoding="UTF-8"?>
<testng-results ignored="0" total="1" passed="1" failed="0" skipped="0">
  <reporter-output>
  </reporter-output>
  <suite started-at="2026-07-02T10:13:11 IST" name="Default suite" finished-at="2026-07-02T10:13:24 IST" duration-ms="13682">
    <groups>
    </groups>
    <test started-at="2026-07-02T10:13:11 IST" name="Default test" finished-at="2026-07-02T10:13:24 IST" duration-ms="13682">
      <class name="tests.LoginAndCartTest">
        <test-method signature="loginAndAddToCart()[pri:0, instance:tests.LoginAndCartTest@145f66e3]" started-at="2026-07-02T10:13:11 IST" name="loginAndAddToCart" finished-at="2026-07-02T10:13:24 IST" duration-ms="13646" status="PASS">
          <reporter-output>
          </reporter-output>
        </test-method> <!-- loginAndAddToCart -->
      </class> <!-- tests.LoginAndCartTest -->
    </test> <!-- Default test -->
  </suite> <!-- Default suite -->
</testng-results>
